  [1m[35mSQL (0.1ms)[0m  [1m[35mSET search_path TO public /*application='MovieSiteApi'*/[0m
  [1m[35m (366.3ms)[0m  [1m[35mCREATE DATABASE "movie_site_api_development" ENCODING = 'unicode' /*application='MovieSiteApi'*/[0m
  [1m[35mSQL (0.1ms)[0m  [1m[35mSET search_path TO public /*application='MovieSiteApi'*/[0m
  [1m[35m (185.6ms)[0m  [1m[35mCREATE DATABASE "movie_site_api_test" ENCODING = 'unicode' /*application='MovieSiteApi'*/[0m
Started GET "/" for ::1 at 2025-10-04 11:19:13 -0500
  [1m[35m (43.7ms)[0m  [1m[35mCREATE TABLE "schema_migrations" ("version" character varying NOT NULL PRIMARY KEY) /*application='MovieSiteApi'*/[0m
  [1m[35m (3.0ms)[0m  [1m[35mCREATE TABLE "ar_internal_metadata" ("key" character varying NOT NULL PRIMARY KEY, "value" character varying, "created_at" timestamp(6) NOT NULL, "updated_at" timestamp(6) NOT NULL) /*application='MovieSiteApi'*/[0m
  [1m[36mActiveRecord::SchemaMigration Load (0.8ms)[0m  [1m[34mSELECT "schema_migrations"."version" FROM "schema_migrations" ORDER BY "schema_migrations"."version" ASC /*application='MovieSiteApi'*/[0m
Processing by Rails::WelcomeController#index as HTML
  Rendering /Users/silviaasmat/.local/share/mise/installs/ruby/3.4.6/lib/ruby/gems/3.4.0/gems/railties-8.0.3/lib/rails/templates/rails/welcome/index.html.erb
  Rendered /Users/silviaasmat/.local/share/mise/installs/ruby/3.4.6/lib/ruby/gems/3.4.0/gems/railties-8.0.3/lib/rails/templates/rails/welcome/index.html.erb (Duration: 1.0ms | GC: 0.0ms)
Completed 200 OK in 89ms (Views: 22.4ms | ActiveRecord: 0.0ms (0 queries, 0 cached) | GC: 0.0ms)


Started GET "/" for ::1 at 2025-10-04 11:19:23 -0500
Processing by Rails::WelcomeController#index as HTML
  Rendering /Users/silviaasmat/.local/share/mise/installs/ruby/3.4.6/lib/ruby/gems/3.4.0/gems/railties-8.0.3/lib/rails/templates/rails/welcome/index.html.erb
  Rendered /Users/silviaasmat/.local/share/mise/installs/ruby/3.4.6/lib/ruby/gems/3.4.0/gems/railties-8.0.3/lib/rails/templates/rails/welcome/index.html.erb (Duration: 0.1ms | GC: 0.0ms)
Completed 200 OK in 1ms (Views: 0.5ms | ActiveRecord: 0.0ms (0 queries, 0 cached) | GC: 0.0ms)


Started GET "/api/test/hello" for ::1 at 2025-10-04 11:20:00 -0500
Processing by Api::TestController#hello as HTML
Completed 200 OK in 0ms (Views: 0.2ms | ActiveRecord: 0.0ms (0 queries, 0 cached) | GC: 0.0ms)


Started GET "/favicon.ico" for ::1 at 2025-10-04 11:20:00 -0500
  
ActionController::RoutingError (No route matches [GET] "/favicon.ico"):
  
  [1m[35m (0.2ms)[0m  [1m[34mSELECT pg_try_advisory_lock(2722216820836733850) /*application='MovieSiteApi'*/[0m
  [1m[36mActiveRecord::SchemaMigration Load (1.8ms)[0m  [1m[34mSELECT "schema_migrations"."version" FROM "schema_migrations" ORDER BY "schema_migrations"."version" ASC /*application='MovieSiteApi'*/[0m
  [1m[36mActiveRecord::InternalMetadata Load (1.9ms)[0m  [1m[34mSELECT * FROM "ar_internal_metadata" WHERE "ar_internal_metadata"."key" = 'environment' ORDER BY "ar_internal_metadata"."key" ASC LIMIT 1 /*application='MovieSiteApi'*/[0m
  [1m[36mActiveRecord::InternalMetadata Create (2.2ms)[0m  [1m[32mINSERT INTO "ar_internal_metadata" ("key", "value", "created_at", "updated_at") VALUES ('environment', 'development', '2025-10-04 16:51:31.972587', '2025-10-04 16:51:31.972592') RETURNING "key" /*application='MovieSiteApi'*/[0m
Migrating to CreateUsers (20251004165117)
  [1m[36mTRANSACTION (0.2ms)[0m  [1m[35mBEGIN /*application='MovieSiteApi'*/[0m
  [1m[35m (17.9ms)[0m  [1m[35mCREATE TABLE "users" ("id" bigserial primary key, "email" character varying, "password_digest" character varying, "created_at" timestamp(6) NOT NULL, "updated_at" timestamp(6) NOT NULL) /*application='MovieSiteApi'*/[0m
  [1m[36mActiveRecord::SchemaMigration Create (0.6ms)[0m  [1m[32mINSERT INTO "schema_migrations" ("version") VALUES ('20251004165117') RETURNING "version" /*application='MovieSiteApi'*/[0m
  [1m[36mTRANSACTION (0.5ms)[0m  [1m[35mCOMMIT /*application='MovieSiteApi'*/[0m
  [1m[35m (1.1ms)[0m  [1m[34mSELECT pg_advisory_unlock(2722216820836733850) /*application='MovieSiteApi'*/[0m
  [1m[36mActiveRecord::SchemaMigration Load (1.6ms)[0m  [1m[34mSELECT "schema_migrations"."version" FROM "schema_migrations" ORDER BY "schema_migrations"."version" ASC /*application='MovieSiteApi'*/[0m
  [1m[35m (0.2ms)[0m  [1m[34mSELECT pg_try_advisory_lock(2722216820836733850) /*application='MovieSiteApi'*/[0m
  [1m[36mActiveRecord::SchemaMigration Load (1.0ms)[0m  [1m[34mSELECT "schema_migrations"."version" FROM "schema_migrations" ORDER BY "schema_migrations"."version" ASC /*application='MovieSiteApi'*/[0m
  [1m[36mActiveRecord::InternalMetadata Load (0.9ms)[0m  [1m[34mSELECT * FROM "ar_internal_metadata" WHERE "ar_internal_metadata"."key" = 'environment' ORDER BY "ar_internal_metadata"."key" ASC LIMIT 1 /*application='MovieSiteApi'*/[0m
Migrating to CreateFavorites (20251004165208)
  [1m[36mTRANSACTION (0.1ms)[0m  [1m[35mBEGIN /*application='MovieSiteApi'*/[0m
  [1m[35m (10.0ms)[0m  [1m[35mCREATE TABLE "favorites" ("id" bigserial primary key, "user_id" bigint NOT NULL, "tmdb_id" integer, "media_type" character varying, "created_at" timestamp(6) NOT NULL, "updated_at" timestamp(6) NOT NULL, CONSTRAINT "fk_rails_d15744e438"
FOREIGN KEY ("user_id")
  REFERENCES "users" ("id")
) /*application='MovieSiteApi'*/[0m
  [1m[35m (1.4ms)[0m  [1m[35mCREATE INDEX "index_favorites_on_user_id" ON "favorites" ("user_id") /*application='MovieSiteApi'*/[0m
  [1m[36mActiveRecord::SchemaMigration Create (0.3ms)[0m  [1m[32mINSERT INTO "schema_migrations" ("version") VALUES ('20251004165208') RETURNING "version" /*application='MovieSiteApi'*/[0m
  [1m[36mTRANSACTION (0.6ms)[0m  [1m[35mCOMMIT /*application='MovieSiteApi'*/[0m
  [1m[35m (0.4ms)[0m  [1m[34mSELECT pg_advisory_unlock(2722216820836733850) /*application='MovieSiteApi'*/[0m
  [1m[36mActiveRecord::SchemaMigration Load (0.2ms)[0m  [1m[34mSELECT "schema_migrations"."version" FROM "schema_migrations" ORDER BY "schema_migrations"."version" ASC /*application='MovieSiteApi'*/[0m
  [1m[35m (0.2ms)[0m  [1m[34mSELECT pg_try_advisory_lock(2722216820836733850) /*application='MovieSiteApi'*/[0m
  [1m[36mActiveRecord::SchemaMigration Load (1.1ms)[0m  [1m[34mSELECT "schema_migrations"."version" FROM "schema_migrations" ORDER BY "schema_migrations"."version" ASC /*application='MovieSiteApi'*/[0m
  [1m[36mActiveRecord::InternalMetadata Load (1.0ms)[0m  [1m[34mSELECT * FROM "ar_internal_metadata" WHERE "ar_internal_metadata"."key" = 'environment' ORDER BY "ar_internal_metadata"."key" ASC LIMIT 1 /*application='MovieSiteApi'*/[0m
Migrating to CreateReviews (20251004165248)
  [1m[36mTRANSACTION (0.1ms)[0m  [1m[35mBEGIN /*application='MovieSiteApi'*/[0m
  [1m[35m (7.8ms)[0m  [1m[35mCREATE TABLE "reviews" ("id" bigserial primary key, "user_id" bigint NOT NULL, "tmdb_id" integer, "media_type" character varying, "content" text, "rating" integer, "created_at" timestamp(6) NOT NULL, "updated_at" timestamp(6) NOT NULL, CONSTRAINT "fk_rails_74a66bd6c5"
FOREIGN KEY ("user_id")
  REFERENCES "users" ("id")
) /*application='MovieSiteApi'*/[0m
  [1m[35m (1.2ms)[0m  [1m[35mCREATE INDEX "index_reviews_on_user_id" ON "reviews" ("user_id") /*application='MovieSiteApi'*/[0m
  [1m[36mActiveRecord::SchemaMigration Create (0.2ms)[0m  [1m[32mINSERT INTO "schema_migrations" ("version") VALUES ('20251004165248') RETURNING "version" /*application='MovieSiteApi'*/[0m
  [1m[36mTRANSACTION (0.7ms)[0m  [1m[35mCOMMIT /*application='MovieSiteApi'*/[0m
  [1m[35m (0.4ms)[0m  [1m[34mSELECT pg_advisory_unlock(2722216820836733850) /*application='MovieSiteApi'*/[0m
  [1m[36mActiveRecord::SchemaMigration Load (0.2ms)[0m  [1m[34mSELECT "schema_migrations"."version" FROM "schema_migrations" ORDER BY "schema_migrations"."version" ASC /*application='MovieSiteApi'*/[0m
[dotenv] Set [36mTMDB_API_KEY[0m
[dotenv] Loaded [33m.env[0m
Started GET "/api/test/hello" for ::1 at 2025-10-04 11:57:27 -0500
  [1m[36mActiveRecord::SchemaMigration Load (1.1ms)[0m  [1m[34mSELECT "schema_migrations"."version" FROM "schema_migrations" ORDER BY "schema_migrations"."version" ASC /*application='MovieSiteApi'*/[0m
Processing by Api::TestController#hello as HTML
Completed 200 OK in 32ms (Views: 0.3ms | ActiveRecord: 0.0ms (0 queries, 0 cached) | GC: 0.8ms)


[dotenv] Set [36mTMDB_API_KEY[0m
[dotenv] Loaded [33m.env[0m
[dotenv] Set [36mTMDB_API_KEY[0m
[dotenv] Loaded [33m.env[0m
[dotenv] Set [36mTMDB_API_KEY[0m
[dotenv] Loaded [33m.env[0m
[dotenv] Set [36mTMDB_API_KEY[0m
[dotenv] Loaded [33m.env[0m
[dotenv] Set [36mTMDB_API_KEY[0m
[dotenv] Loaded [33m.env[0m
Started GET "/api/movies/popular" for ::1 at 2025-10-04 12:04:48 -0500
  [1m[36mActiveRecord::SchemaMigration Load (1.0ms)[0m  [1m[34mSELECT "schema_migrations"."version" FROM "schema_migrations" ORDER BY "schema_migrations"."version" ASC /*application='MovieSiteApi'*/[0m
Processing by Api::MoviesController#popular as HTML
Completed 200 OK in 176ms (Views: 1.1ms | ActiveRecord: 0.0ms (0 queries, 0 cached) | GC: 0.6ms)


Started GET "/api/movies/search?query=batman" for ::1 at 2025-10-04 12:04:55 -0500
Processing by Api::MoviesController#search as HTML
  Parameters: {"query" => "batman"}
Completed 200 OK in 90ms (Views: 0.7ms | ActiveRecord: 0.0ms (0 queries, 0 cached) | GC: 0.0ms)


Started GET "/api/movies/550" for ::1 at 2025-10-04 12:05:03 -0500
Processing by Api::MoviesController#show as HTML
  Parameters: {"id" => "550"}
Completed 200 OK in 105ms (Views: 4.2ms | ActiveRecord: 0.0ms (0 queries, 0 cached) | GC: 0.0ms)


Started GET "/api/tv_shows/popular" for ::1 at 2025-10-04 12:05:10 -0500
Processing by Api::TvShowsController#popular as HTML
Completed 200 OK in 92ms (Views: 0.8ms | ActiveRecord: 0.0ms (0 queries, 0 cached) | GC: 0.0ms)


